<?xml version="1.0" encoding="UTF-8"?>
<!-- Generated by org.testng.reporters.JUnitReportReporter -->
<testsuite hostname="LAPTOP-30LS49F4" failures="0" tests="2" name="testngpackage.Classtwo" time="0.018" errors="0" timestamp="2021-06-07T20:28:50 IST" skipped="0">
  <testcase classname="testngpackage.Classtwo" name="testhree" time="0.015"/>
  <system-out/>
  <testcase classname="testngpackage.Classtwo" name="testfour" time="0.003"/>
  <system-out/>
</testsuite> <!-- testngpackage.Classtwo -->
