<?xml version="1.0" encoding="UTF-8"?>
<!-- Generated by org.testng.reporters.JUnitReportReporter -->
<testsuite hostname="LAPTOP-30LS49F4" failures="0" tests="2" name="testngpackage.Myfirsttestng" time="0.017" errors="0" timestamp="2021-06-07T19:57:12 IST" skipped="0">
  <testcase classname="testngpackage.Myfirsttestng" name="aftermethod" time="0.012"/>
  <system-out/>
  <testcase classname="testngpackage.Myfirsttestng" name="addtocart" time="0.005"/>
  <system-out/>
</testsuite> <!-- testngpackage.Myfirsttestng -->
